[debug] [2026-05-23T10:04:18.528Z] ----------------------------------------------------------------------
[debug] [2026-05-23T10:04:18.531Z] Command:       C:\Program Files\nodejs\node.exe C:\Users\Георгий\AppData\Roaming\npm\node_modules\firebase-tools\lib\bin\firebase.js init hosting:github
[debug] [2026-05-23T10:04:18.532Z] CLI Version:   15.2.1
[debug] [2026-05-23T10:04:18.532Z] Platform:      win32
[debug] [2026-05-23T10:04:18.532Z] Node Version:  v22.15.0
[debug] [2026-05-23T10:04:18.532Z] Time:          Sat May 23 2026 13:04:18 GMT+0300 (Москва, стандартное время)
[debug] [2026-05-23T10:04:18.532Z] ----------------------------------------------------------------------
[debug] 
[info] 
     ######## #### ########  ######## ########     ###     ######  ########
     ##        ##  ##     ## ##       ##     ##  ##   ##  ##       ##
     ######    ##  ########  ######   ########  #########  ######  ######
     ##        ##  ##    ##  ##       ##     ## ##     ##       ## ##
     ##       #### ##     ## ######## ########  ##     ##  ######  ########

You're about to initialize a Firebase project in this directory:

  C:\LabsAn\map-code\map-code

Before we get started, keep in mind:

  * You are currently outside your home directory
  * You are initializing within an existing Firebase project directory

[info] 
=== Project Setup
[info] 
[info] First, let's associate this project directory with a Firebase project.
[info] You can create multiple project aliases by running firebase use --add, 
[info] 
[debug] [2026-05-23T10:04:23.339Z] > command requires scopes: ["email","openid","https://www.googleapis.com/auth/cloudplatformprojects.readonly","https://www.googleapis.com/auth/firebase","https://www.googleapis.com/auth/cloud-platform"]
[debug] [2026-05-23T10:04:23.339Z] > authorizing via signed-in user (bgmsch40@gmail.com)
[debug] [2026-05-23T10:04:23.340Z] Checked if tokens are valid: true, expires at: 1779534095310
[debug] [2026-05-23T10:04:23.340Z] Checked if tokens are valid: true, expires at: 1779534095310
[debug] [2026-05-23T10:04:23.342Z] >>> [apiv2][query] GET https://firebase.googleapis.com/v1beta1/projects/subj-app [none]
[debug] [2026-05-23T10:04:23.742Z] <<< [apiv2][status] GET https://firebase.googleapis.com/v1beta1/projects/subj-app 200
[debug] [2026-05-23T10:04:23.742Z] <<< [apiv2][body] GET https://firebase.googleapis.com/v1beta1/projects/subj-app {"projectId":"subj-app","projectNumber":"587419483970","displayName":"subj-app","name":"projects/subj-app","resources":{"hostingSite":"subj-app"},"state":"ACTIVE","etag":"1_36d67837-a804-4765-acaa-3785bfc0b4c5"}
[info] i  Using project subj-app (subj-app) . 
[info] 
=== Hosting:github Setup
[info] 
[info] i  Detected a .git folder at C:\LabsAn\map-code\map-code 
[info] i  Authorizing with GitHub to upload your service account to a GitHub repository's secrets store. 
[info] 
[info] Visit this URL on this device to log in:
[info] https://github.com/login/oauth/authorize?client_id=89cf50f02ac6aaed3484&state=597963084&redirect_uri=http%3A%2F%2Flocalhost%3A9005&scope=read%3Auser%20repo%20public_repo
[info] 
[info] Waiting for authentication...
[debug] [2026-05-23T10:04:24.569Z] >>> [apiv2][query] POST https://github.com/login/oauth/access_token [none]
[debug] [2026-05-23T10:04:24.569Z] >>> [apiv2][body] POST https://github.com/login/oauth/access_token [stream]
[debug] [2026-05-23T10:04:24.917Z] <<< [apiv2][status] POST https://github.com/login/oauth/access_token 200
[debug] [2026-05-23T10:04:24.917Z] <<< [apiv2][body] POST https://github.com/login/oauth/access_token {"access_token":"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","token_type":"bearer","scope":"read:user,repo"}
[debug] [2026-05-23T10:04:24.920Z] >>> [apiv2][query] GET https://api.github.com/user [none]
[debug] [2026-05-23T10:04:25.489Z] <<< [apiv2][status] GET https://api.github.com/user 200
[debug] [2026-05-23T10:04:25.489Z] <<< [apiv2][body] GET https://api.github.com/user {"login":"SirGisa","id":145368839,"node_id":"U_kgDOCKonBw","avatar_url":"https://avatars.githubusercontent.com/u/145368839?v=4","gravatar_id":"","url":"https://api.github.com/users/SirGisa","html_url":"https://github.com/SirGisa","followers_url":"https://api.github.com/users/SirGisa/followers","following_url":"https://api.github.com/users/SirGisa/following{/other_user}","gists_url":"https://api.github.com/users/SirGisa/gists{/gist_id}","starred_url":"https://api.github.com/users/SirGisa/starred{/owner}{/repo}","subscriptions_url":"https://api.github.com/users/SirGisa/subscriptions","organizations_url":"https://api.github.com/users/SirGisa/orgs","repos_url":"https://api.github.com/users/SirGisa/repos","events_url":"https://api.github.com/users/SirGisa/events{/privacy}","received_events_url":"https://api.github.com/users/SirGisa/received_events","type":"User","user_view_type":"private","site_admin":false,"name":"KngSlr","company":null,"blog":"","location":null,"email":null,"hireable":null,"bio":null,"twitter_username":null,"notification_email":null,"public_repos":14,"public_gists":0,"followers":0,"following":0,"created_at":"2023-09-18T15:12:34Z","updated_at":"2026-05-22T10:46:58Z","private_gists":0,"total_private_repos":6,"owned_private_repos":6,"disk_usage":25683,"collaborators":0,"two_factor_authentication":true,"plan":{"name":"pro","space":976562499,"collaborators":0,"private_repos":9999}}
[info] 
[info] +  Success! Logged into GitHub as SirGisa 
[info] 
[debug] [2026-05-23T10:04:33.628Z] ExitPromptError: User force closed the prompt with SIGINT
    at Interface.sigint (C:\Users\Георгий\AppData\Roaming\npm\node_modules\firebase-tools\node_modules\@inquirer\core\dist\commonjs\lib\create-prompt.js:101:37)
    at Interface.emit (node:events:518:28)
    at [_ttyWrite] [as _ttyWrite] (node:internal/readline/interface:1128:18)
    at ReadStream.onkeypress (node:internal/readline/interface:267:20)
    at ReadStream.emit (node:events:530:35)
    at emitKeys (node:internal/readline/utils:370:14)
    at emitKeys.next (<anonymous>)
    at ReadStream.onData (node:internal/readline/emitKeypressEvents:64:36)
    at ReadStream.emit (node:events:518:28)
    at addChunk (node:internal/streams/readable:561:12)
[error] 
[error] Error: An unexpected error has occurred.
